#
# There is insufficient memory for the Java Runtime Environment to continue.
# Native memory allocation (malloc) failed to allocate 32744 bytes for ChunkPool::allocate
# Possible reasons:
#   The system is out of physical RAM or swap space
#   The process is running with CompressedOops enabled, and the Java Heap may be blocking the growth of the native heap
# Possible solutions:
#   Reduce memory load on the system
#   Increase physical memory or swap space
#   Check if swap backing store is full
#   Decrease Java heap size (-Xmx/-Xms)
#   Decrease number of Java threads
#   Decrease Java thread stack sizes (-Xss)
#   Set larger code cache with -XX:ReservedCodeCacheSize=
#   JVM is running with Zero Based Compressed Oops mode in which the Java heap is
#     placed in the first 32GB address space. The Java Heap base address is the
#     maximum limit for the native heap growth. Please use -XX:HeapBaseMinAddress
#     to set the Java Heap base and to place the Java Heap above 32GB virtual address.
# This output file may be truncated or incomplete.
#
#  Out of Memory Error (allocation.cpp:272), pid=24528, tid=0x0000000000005db0
#
# JRE version: Java(TM) SE Runtime Environment (8.0_202-b08) (build 1.8.0_202-b08)
# Java VM: Java HotSpot(TM) 64-Bit Server VM (25.202-b08 mixed mode windows-amd64 compressed oops)
# Failed to write core dump. Minidumps are not enabled by default on client versions of Windows
#

---------------  T H R E A D  ---------------

Current thread (0x000000001e0d1000):  JavaThread "C1 CompilerThread3" daemon [_thread_in_native, id=23984, stack(0x000000001ea70000,0x000000001eb70000)]

Stack: [0x000000001ea70000,0x000000001eb70000]
[error occurred during error reporting (printing stack bounds), id 0xc0000005]

Native frames: (J=compiled Java code, j=interpreted, Vv=VM code, C=native code)


Current CompileTask:
C1:   6012  781       3       java.lang.String::toUpperCase (439 bytes)


---------------  P R O C E S S  ---------------

Java Threads: ( => current thread )
  0x000000001e0d8800 JavaThread "Service Thread" daemon [_thread_blocked, id=24032, stack(0x000000001eb70000,0x000000001ec70000)]
=>0x000000001e0d1000 JavaThread "C1 CompilerThread3" daemon [_thread_in_native, id=23984, stack(0x000000001ea70000,0x000000001eb70000)]
  0x000000001e0c9800 JavaThread "C2 CompilerThread2" daemon [_thread_blocked, id=24004, stack(0x000000001e970000,0x000000001ea70000)]
  0x000000001e066000 JavaThread "C2 CompilerThread1" daemon [_thread_blocked, id=23908, stack(0x000000001e870000,0x000000001e970000)]
  0x000000001e063800 JavaThread "C2 CompilerThread0" daemon [_thread_blocked, id=23864, stack(0x000000001e770000,0x000000001e870000)]
  0x000000001e005800 JavaThread "Attach Listener" daemon [_thread_blocked, id=23852, stack(0x000000001e670000,0x000000001e770000)]
  0x000000001e004800 JavaThread "Signal Dispatcher" daemon [_thread_blocked, id=23888, stack(0x000000001e570000,0x000000001e670000)]
  0x000000001e000800 JavaThread "Finalizer" daemon [_thread_blocked, id=23872, stack(0x000000001e3e0000,0x000000001e4e0000)]
  0x000000001c10d800 JavaThread "Reference Handler" daemon [_thread_blocked, id=23868, stack(0x000000001dee0000,0x000000001dfe0000)]
  0x000000000267e000 JavaThread "main" [_thread_in_native, id=23580, stack(0x0000000002530000,0x0000000002630000)]

Other Threads:
  0x000000001c109800 VMThread [stack: 0x000000001dde0000,0x000000001dee0000] [id=23836]
  0x000000001e107800 WatcherThread [stack: 0x000000001ec70000,0x000000001ed70000] [id=24028]

VM state:at safepoint (normal execution)

VM Mutex/Monitor currently owned by a thread:  ([mutex/lock_event])
[0x000000000267d400] Threads_lock - owner thread: 0x000000001c109800
[0x000000000267ce00] Heap_lock - owner thread: 0x000000001e005800

heap address: 0x00000006c3400000, size: 4044 MB, Compressed Oops mode: Zero based, Oop shift amount: 3
Narrow klass base: 0x0000000000000000, Narrow klass shift: 3
Compressed class space size: 1073741824 Address: 0x00000007c0000000

Heap:
 PSYoungGen      total 75776K, used 24747K [0x000000076bc00000, 0x0000000771080000, 0x00000007c0000000)
  eden space 65024K, 38% used [0x000000076bc00000,0x000000076d42acf0,0x000000076fb80000)
  from space 10752K, 0% used [0x0000000770600000,0x0000000770600000,0x0000000771080000)
  to   space 10752K, 0% used [0x000000076fb80000,0x000000076fb80000,0x0000000770600000)
 ParOldGen       total 173568K, used 0K [0x00000006c3400000, 0x00000006cdd80000, 0x000000076bc00000)
  object space 173568K, 0% used [0x00000006c3400000,0x00000006c3400000,0x00000006cdd80000)
 Metaspace       used 11425K, capacity 11634K, committed 11776K, reserved 1062912K
  class space    used 1422K, capacity 1507K, committed 1536K, reserved 1048576K

Card table byte_map: [0x0000000011b40000,0x0000000012330000] byte_map_base: 0x000000000e526000

Marking Bits: (ParMarkBitMap*) 0x000000006cf45ce0
 Begin Bits: [0x0000000013080000, 0x0000000016fb0000)
 End Bits:   [0x0000000016fb0000, 0x000000001aee0000)

Polling page: 0x00000000008e0000

CodeCache: size=245760Kb used=2919Kb max_used=2919Kb free=242840Kb
 bounds [0x0000000002780000, 0x0000000002a60000, 0x0000000011780000]
 total_blobs=1142 nmethods=780 adapters=275
 compilation: enabled

Compilation events (10 events):
Event: 5.965 Thread 0x000000001e0d1000 nmethod 776 0x0000000002a55fd0 code [0x0000000002a56120, 0x0000000002a56270]
Event: 5.965 Thread 0x000000001e0d1000  777       3       java.util.Hashtable$Enumerator::nextElement (111 bytes)
Event: 5.966 Thread 0x000000001e0d1000 nmethod 777 0x0000000002a58990 code [0x0000000002a58b20, 0x0000000002a58f68]
Event: 5.994 Thread 0x000000001e0d1000  778       3       java.lang.String::<init> (100 bytes)
Event: 5.994 Thread 0x000000001e0d1000 nmethod 778 0x0000000002a59150 code [0x0000000002a59300, 0x0000000002a59808]
Event: 5.994 Thread 0x000000001e0d1000  779       3       java.lang.ThreadLocal::get (38 bytes)
Event: 5.994 Thread 0x000000001e0d1000 nmethod 779 0x0000000002a5a110 code [0x0000000002a5a2a0, 0x0000000002a5a658]
Event: 5.998 Thread 0x000000001e0d1000  780       3       java.util.Locale::getLanguage (8 bytes)
Event: 5.999 Thread 0x000000001e0d1000 nmethod 780 0x0000000002a5aa50 code [0x0000000002a5aba0, 0x0000000002a5ad90]
Event: 5.999 Thread 0x000000001e0d1000  781       3       java.lang.String::toUpperCase (439 bytes)

GC Heap History (0 events):
No events

Deoptimization events (10 events):
Event: 1.433 Thread 0x000000000267e000 Uncommon trap: reason=unstable_if action=reinterpret pc=0x000000000293e5cc method=sun.misc.MetaIndex.mayContain(Ljava/lang/String;)Z @ 38
Event: 1.433 Thread 0x000000000267e000 Uncommon trap: reason=unstable_if action=reinterpret pc=0x0000000002931c18 method=sun.misc.MetaIndex.mayContain(Ljava/lang/String;)Z @ 38
Event: 1.437 Thread 0x000000000267e000 Uncommon trap: reason=unstable_if action=reinterpret pc=0x000000000293c0fc method=java.lang.String.<init>([CII)V @ 18
Event: 2.121 Thread 0x000000000267e000 Uncommon trap: reason=unstable_if action=reinterpret pc=0x000000000298487c method=java.util.HashMap.getNode(ILjava/lang/Object;)Ljava/util/HashMap$Node; @ 129
Event: 2.191 Thread 0x000000000267e000 Uncommon trap: reason=range_check action=make_not_entrant pc=0x0000000002952da8 method=sun.reflect.generics.parser.SignatureParser.current()C @ 34
Event: 2.461 Thread 0x000000000267e000 Uncommon trap: reason=unstable_if action=reinterpret pc=0x000000000290e840 method=java.lang.String.indexOf([CII[CIII)I @ 3
Event: 2.539 Thread 0x000000000267e000 Uncommon trap: reason=class_check action=maybe_recompile pc=0x00000000029fe678 method=java.util.HashMap.putVal(ILjava/lang/Object;Ljava/lang/Object;ZZ)Ljava/lang/Object; @ 203
Event: 2.539 Thread 0x000000000267e000 Uncommon trap: reason=class_check action=maybe_recompile pc=0x00000000029fe678 method=java.util.HashMap.putVal(ILjava/lang/Object;Ljava/lang/Object;ZZ)Ljava/lang/Object; @ 203
Event: 2.547 Thread 0x000000000267e000 Uncommon trap: reason=class_check action=maybe_recompile pc=0x00000000029fe678 method=java.util.HashMap.putVal(ILjava/lang/Object;Ljava/lang/Object;ZZ)Ljava/lang/Object; @ 203
Event: 2.780 Thread 0x000000000267e000 Uncommon trap: reason=predicate action=maybe_recompile pc=0x00000000029bfcf4 method=sun.net.www.ParseUtil.encodePath(Ljava/lang/String;Z)Ljava/lang/String; @ 36

Classes redefined (0 events):
No events

Internal exceptions (10 events):
Event: 0.748 Thread 0x000000000267e000 Exception <a 'java/security/PrivilegedActionException'> (0x000000076bcee6a8) thrown at [C:\re\workspace\8-2-build-windows-amd64-cygwin\jdk8u202\12323\hotspot\src\share\vm\prims\jvm.cpp, line 1502]
Event: 0.752 Thread 0x000000000267e000 Exception <a 'java/security/PrivilegedActionException'> (0x000000076bcf0c30) thrown at [C:\re\workspace\8-2-build-windows-amd64-cygwin\jdk8u202\12323\hotspot\src\share\vm\prims\jvm.cpp, line 1502]
Event: 0.752 Thread 0x000000000267e000 Exception <a 'java/security/PrivilegedActionException'> (0x000000076bcf0e40) thrown at [C:\re\workspace\8-2-build-windows-amd64-cygwin\jdk8u202\12323\hotspot\src\share\vm\prims\jvm.cpp, line 1502]
Event: 2.191 Thread 0x000000000267e000 Exception <a 'java/lang/ArrayIndexOutOfBoundsException': 18> (0x000000076cbe6f30) thrown at [C:\re\workspace\8-2-build-windows-amd64-cygwin\jdk8u202\12323\hotspot\src\share\vm\interpreter\interpreterRuntime.cpp, line 368]
Event: 2.192 Thread 0x000000000267e000 Exception <a 'java/lang/ArrayIndexOutOfBoundsException': 110> (0x000000076cbe8488) thrown at [C:\re\workspace\8-2-build-windows-amd64-cygwin\jdk8u202\12323\hotspot\src\share\vm\interpreter\interpreterRuntime.cpp, line 368]
Event: 2.193 Thread 0x000000000267e000 Exception <a 'java/lang/ArrayIndexOutOfBoundsException': 40> (0x000000076cbe9728) thrown at [C:\re\workspace\8-2-build-windows-amd64-cygwin\jdk8u202\12323\hotspot\src\share\vm\interpreter\interpreterRuntime.cpp, line 368]
Event: 2.194 Thread 0x000000000267e000 Exception <a 'java/lang/ArrayIndexOutOfBoundsException': 110> (0x000000076cbeb1a0) thrown at [C:\re\workspace\8-2-build-windows-amd64-cygwin\jdk8u202\12323\hotspot\src\share\vm\interpreter\interpreterRuntime.cpp, line 368]
Event: 2.194 Thread 0x000000000267e000 Exception <a 'java/lang/ArrayIndexOutOfBoundsException': 107> (0x000000076cbeccb8) thrown at [C:\re\workspace\8-2-build-windows-amd64-cygwin\jdk8u202\12323\hotspot\src\share\vm\interpreter\interpreterRuntime.cpp, line 368]
Event: 2.708 Thread 0x000000000267e000 Exception <a 'java/lang/NoSuchFieldError': method resolution failed> (0x000000076d1f8788) thrown at [C:\re\workspace\8-2-build-windows-amd64-cygwin\jdk8u202\12323\hotspot\src\share\vm\prims\methodHandles.cpp, line 1167]
Event: 2.709 Thread 0x000000000267e000 Exception <a 'java/lang/NoSuchFieldError': method resolution failed> (0x000000076d205a78) thrown at [C:\re\workspace\8-2-build-windows-amd64-cygwin\jdk8u202\12323\hotspot\src\share\vm\prims\methodHandles.cpp, line 1167]

Events (10 events):
Event: 5.999 loading class sun/security/jca/GetInstance done
Event: 5.999 loading class sun/security/provider/SecureRandom
Event: 5.999 loading class sun/security/provider/SecureRandom done
Event: 5.999 loading class java/security/MessageDigest
Event: 5.999 loading class java/security/MessageDigestSpi
Event: 5.999 loading class java/security/MessageDigestSpi done
Event: 5.999 loading class java/security/MessageDigest done
Event: 6.000 loading class sun/security/provider/SHA
Event: 6.000 loading class sun/security/provider/DigestBase
Event: 6.000 Executing VM operation: CollectForMetadataAllocation


Dynamic libraries:
0x00007ff6958a0000 - 0x00007ff6958d7000 	C:\Java\jre1.8.0_202\bin\javaw.exe
0x00007ffa016a0000 - 0x00007ffa01890000 	C:\Windows\SYSTEM32\ntdll.dll
0x00007ffa00ba0000 - 0x00007ffa00c52000 	C:\Windows\System32\KERNEL32.DLL
0x00007ff9fe6c0000 - 0x00007ff9fe963000 	C:\Windows\System32\KERNELBASE.dll
0x00007ffa011f0000 - 0x00007ffa01293000 	C:\Windows\System32\ADVAPI32.dll
0x00007ffa00b00000 - 0x00007ffa00b9e000 	C:\Windows\System32\msvcrt.dll
0x00007ff9ffc40000 - 0x00007ff9ffcd7000 	C:\Windows\System32\sechost.dll
0x00007ffa009e0000 - 0x00007ffa00b00000 	C:\Windows\System32\RPCRT4.dll
0x00007ffa014c0000 - 0x00007ffa01653000 	C:\Windows\System32\USER32.dll
0x00007ff9ff240000 - 0x00007ff9ff261000 	C:\Windows\System32\win32u.dll
0x00007ffa00e20000 - 0x00007ffa00e46000 	C:\Windows\System32\GDI32.dll
0x00007ff9ff2f0000 - 0x00007ff9ff484000 	C:\Windows\System32\gdi32full.dll
0x00007ff9ff5e0000 - 0x00007ff9ff67e000 	C:\Windows\System32\msvcp_win.dll
0x00007ff9ff490000 - 0x00007ff9ff58a000 	C:\Windows\System32\ucrtbase.dll
0x00007ff9edc60000 - 0x00007ff9edee5000 	C:\Windows\WinSxS\amd64_microsoft.windows.common-controls_6595b64144ccf1df_6.0.18362.239_none_e6c7aebd130c7608\COMCTL32.dll
0x00007ff9ffdc0000 - 0x00007ffa000f6000 	C:\Windows\System32\combase.dll
0x00007ff9fe640000 - 0x00007ff9fe6c0000 	C:\Windows\System32\bcryptPrimitives.dll
0x00007ffa00c60000 - 0x00007ffa00c8e000 	C:\Windows\System32\IMM32.DLL
0x000000006bcb0000 - 0x000000006bd82000 	C:\Java\jre1.8.0_202\bin\msvcr100.dll
0x000000006c720000 - 0x000000006cfc5000 	C:\Java\jre1.8.0_202\bin\server\jvm.dll
0x00007ffa00c90000 - 0x00007ffa00c98000 	C:\Windows\System32\PSAPI.DLL
0x00007ff9fb7c0000 - 0x00007ff9fb7e4000 	C:\Windows\SYSTEM32\WINMM.dll
0x00007ff9ed090000 - 0x00007ff9ed09a000 	C:\Windows\SYSTEM32\VERSION.dll
0x00007ff9fb790000 - 0x00007ff9fb7bd000 	C:\Windows\SYSTEM32\WINMMBASE.dll
0x00007ff9ff590000 - 0x00007ff9ff5da000 	C:\Windows\System32\cfgmgr32.dll
0x00007ff9ebf30000 - 0x00007ff9ebf39000 	C:\Windows\SYSTEM32\WSOCK32.dll
0x00007ffa01450000 - 0x00007ffa014bf000 	C:\Windows\System32\WS2_32.dll
0x00007ff9f3990000 - 0x00007ff9f399f000 	C:\Java\jre1.8.0_202\bin\verify.dll
0x00007ff9e82d0000 - 0x00007ff9e82f9000 	C:\Java\jre1.8.0_202\bin\java.dll
0x00007ff9ebef0000 - 0x00007ff9ebf06000 	C:\Java\jre1.8.0_202\bin\zip.dll
0x00007ffa00300000 - 0x00007ffa009e0000 	C:\Windows\System32\SHELL32.dll
0x00007ffa00e50000 - 0x00007ffa00ef9000 	C:\Windows\System32\shcore.dll
0x00007ff9fe970000 - 0x00007ff9ff0eb000 	C:\Windows\System32\windows.storage.dll
0x00007ff9fe590000 - 0x00007ff9fe5af000 	C:\Windows\System32\profapi.dll
0x00007ff9fe5d0000 - 0x00007ff9fe61a000 	C:\Windows\System32\powrprof.dll
0x00007ff9fe580000 - 0x00007ff9fe590000 	C:\Windows\System32\UMPDC.dll
0x00007ffa013f0000 - 0x00007ffa01442000 	C:\Windows\System32\shlwapi.dll
0x00007ff9fe620000 - 0x00007ff9fe631000 	C:\Windows\System32\kernel.appcore.dll
0x00007ff9ff2d0000 - 0x00007ff9ff2e7000 	C:\Windows\System32\cryptsp.dll
0x00007ff9f8b60000 - 0x00007ff9f8b6d000 	C:\Java\jre1.8.0_202\bin\management.dll
0x00007ff9e7d00000 - 0x00007ff9e7d1a000 	C:\Java\jre1.8.0_202\bin\net.dll
0x00007ff9f0d20000 - 0x00007ff9f0ef6000 	C:\Windows\SYSTEM32\urlmon.dll
0x00007ff9f1200000 - 0x00007ff9f14a6000 	C:\Windows\SYSTEM32\iertutil.dll
0x00007ff9fdfc0000 - 0x00007ff9fdfcc000 	C:\Windows\SYSTEM32\CRYPTBASE.DLL
0x00007ff9fddf0000 - 0x00007ff9fde57000 	C:\Windows\system32\mswsock.dll
0x00007ff9ea400000 - 0x00007ff9ea416000 	C:\Windows\system32\napinsp.dll
0x00007ff9ea3e0000 - 0x00007ff9ea3fa000 	C:\Windows\system32\pnrpnsp.dll
0x00007ff9fdb90000 - 0x00007ff9fdc5a000 	C:\Windows\SYSTEM32\DNSAPI.dll
0x00007ff9ffdb0000 - 0x00007ff9ffdb8000 	C:\Windows\System32\NSI.dll
0x00007ff9fdb50000 - 0x00007ff9fdb8a000 	C:\Windows\SYSTEM32\IPHLPAPI.DLL
0x00007ff9ea7a0000 - 0x00007ff9ea7ae000 	C:\Windows\System32\winrnr.dll
0x00007ff9fc5d0000 - 0x00007ff9fc5ec000 	C:\Windows\system32\NLAapi.dll
0x00007ff9fb660000 - 0x00007ff9fb675000 	C:\Windows\system32\wshbth.dll
0x000000006ed60000 - 0x000000006ed86000 	C:\Program Files\Bonjour\mdnsNSP.dll
0x00007ff9eef20000 - 0x00007ff9eef2a000 	C:\Windows\System32\rasadhlp.dll
0x00007ff9f5ba0000 - 0x00007ff9f5c17000 	C:\Windows\System32\fwpuclnt.dll
0x00007ff9ff680000 - 0x00007ff9ff6a6000 	C:\Windows\System32\bcrypt.dll
0x00007ff9e7ce0000 - 0x00007ff9e7cf2000 	C:\Java\jre1.8.0_202\bin\nio.dll

VM Arguments:
jvm_args: -Dfile.encoding=MS949 
java_command: Main 1
java_class_path (initial): C:\enavi\sample\mnsHttpClient\build\classes;C:\enavi\sample\mnsHttpClient\lib\slf4j-api-1.7.12.jar;C:\enavi\sample\mnsHttpClient\lib\json-lib-2.4-jdk15.jar;C:\enavi\sample\mnsHttpClient\lib\log4j-slf4j-impl-2.5.jar;C:\enavi\sample\mnsHttpClient\lib\log4j-1.2.14.jar;C:\enavi\sample\mnsHttpClient\lib\log4j-api-2.5.jar;C:\enavi\sample\mnsHttpClient\lib\log4j-core-2.5.jar;C:\enavi\sample\mnsHttpClient\lib\log4j-over-slf4j-1.7.18.jar;C:\enavi\sample\mnsHttpClient\lib\log4jdbc-1.2.jar;C:\enavi\sample\mnsHttpClient\lib\commons-lang-2.6.jar;C:\enavi\sample\mnsHttpClient\lib\ezmorph-1.0.6.jar;C:\enavi\sample\mnsHttpClient\lib\commons-logging-1.1.1.jar;C:\enavi\sample\mnsHttpClient\lib\commons-collections4-4.1.jar;C:\enavi\sample\mnsHttpClient\lib\commons-collections-3.2.1.jar;C:\enavi\sample\mnsHttpClient\lib\commons-beanutils-1.8.3.jar
Launcher Type: SUN_STANDARD

Environment Variables:
PATH=C:\Python27\;C:\Python27\Scripts;C:\Program Files (x86)\Common Files\Oracle\Java\javapath;C:\Windows\system32;C:\Windows;C:\Windows\System32\Wbem;C:\Windows\System32\WindowsPowerShell\v1.0\;C:\Windows\System32\OpenSSH\;C:\HashiCorp\Vagrant\bin;C:\Git\cmd;C:\nodejs\;C:\VSCode\bin;C:\Users\Administrator\AppData\Local\Microsoft\WindowsApps;C:\Users\Administrator\AppData\Roaming\npm
USERNAME=Administrator
OS=Windows_NT
PROCESSOR_IDENTIFIER=Intel64 Family 6 Model 94 Stepping 3, GenuineIntel



---------------  S Y S T E M  ---------------

OS: Windows 10.0 , 64 bit Build 18362 (10.0.18362.86)

CPU:total 8 (initial active 8) (4 cores per cpu, 2 threads per core) family 6 model 94 stepping 3, cmov, cx8, fxsr, mmx, sse, sse2, sse3, ssse3, sse4.1, sse4.2, popcnt, avx, avx2, aes, clmul, erms, rtm, 3dnowpref, lzcnt, ht, tsc, tscinvbit, bmi1, bmi2, adx

Memory: 4k page, physical 16564008k(6773104k free), swap 32110628k(3076k free)

vm_info: Java HotSpot(TM) 64-Bit Server VM (25.202-b08) for windows-amd64 JRE (1.8.0_202-b08), built on Dec 15 2018 19:54:30 by "java_re" with MS VC++ 10.0 (VS2010)

time: Tue Aug 06 16:52:34 2019
timezone: 대한민국 표준시
elapsed time: 6 seconds (0d 0h 0m 6s)

